2015-05-14 16:34:14 - PHP Notice:  Undefined variable: class in /var/www/vhosts/inkwellusa.com/subdomains/eccstore/catalog/view/theme/eccnew/template/common/home.tpl on line 5
2015-05-14 16:39:45 - PHP Notice:  Undefined variable: class in /var/www/vhosts/inkwellusa.com/subdomains/eccstore/catalog/view/theme/eccnew/template/common/home.tpl on line 5
2015-05-14 16:39:47 - PHP Notice:  Undefined variable: class in /var/www/vhosts/inkwellusa.com/subdomains/eccstore/catalog/view/theme/eccnew/template/common/home.tpl on line 5
2015-05-14 16:39:49 - PHP Notice:  Undefined variable: class in /var/www/vhosts/inkwellusa.com/subdomains/eccstore/catalog/view/theme/eccnew/template/common/home.tpl on line 5
2015-05-14 16:39:50 - PHP Notice:  Undefined variable: class in /var/www/vhosts/inkwellusa.com/subdomains/eccstore/catalog/view/theme/eccnew/template/common/home.tpl on line 5
2015-05-14 16:40:04 - PHP Notice:  Undefined variable: class in /var/www/vhosts/inkwellusa.com/subdomains/eccstore/catalog/view/theme/eccnew/template/common/home.tpl on line 5
2015-05-14 16:40:08 - PHP Notice:  Undefined variable: class in /var/www/vhosts/inkwellusa.com/subdomains/eccstore/catalog/view/theme/eccnew/template/common/home.tpl on line 5
2015-05-14 16:40:09 - PHP Notice:  Undefined variable: class in /var/www/vhosts/inkwellusa.com/subdomains/eccstore/catalog/view/theme/eccnew/template/common/home.tpl on line 5
2015-05-14 16:41:54 - PHP Notice:  Undefined variable: class in /var/www/vhosts/inkwellusa.com/subdomains/eccstore/catalog/view/theme/eccnew/template/common/home.tpl on line 5
2015-05-14 16:43:44 - PHP Notice:  Undefined variable: class in /var/www/vhosts/inkwellusa.com/subdomains/eccstore/catalog/view/theme/eccnew/template/common/home.tpl on line 5
2015-05-14 16:43:52 - PHP Notice:  Undefined variable: class in /var/www/vhosts/inkwellusa.com/subdomains/eccstore/catalog/view/theme/eccnew/template/common/home.tpl on line 5
2015-05-14 16:45:05 - PHP Notice:  Undefined variable: class in /var/www/vhosts/inkwellusa.com/subdomains/eccstore/catalog/view/theme/eccnew/template/common/home.tpl on line 5
2015-05-14 16:46:35 - PHP Notice:  Undefined variable: class in /var/www/vhosts/inkwellusa.com/subdomains/eccstore/catalog/view/theme/eccnew/template/common/home.tpl on line 5
2015-05-14 16:46:52 - PHP Notice:  Undefined variable: class in /var/www/vhosts/inkwellusa.com/subdomains/eccstore/catalog/view/theme/eccnew/template/common/home.tpl on line 5
2015-05-14 16:47:09 - PHP Notice:  Undefined variable: class in /var/www/vhosts/inkwellusa.com/subdomains/eccstore/catalog/view/theme/eccnew/template/common/home.tpl on line 5
2015-05-14 16:47:19 - PHP Notice:  Undefined variable: class in /var/www/vhosts/inkwellusa.com/subdomains/eccstore/catalog/view/theme/eccnew/template/common/home.tpl on line 5
2015-05-14 16:48:33 - PHP Notice:  Undefined variable: class in /var/www/vhosts/inkwellusa.com/subdomains/eccstore/catalog/view/theme/eccnew/template/common/home.tpl on line 5
2015-05-14 16:48:34 - PHP Notice:  Undefined variable: class in /var/www/vhosts/inkwellusa.com/subdomains/eccstore/catalog/view/theme/eccnew/template/common/home.tpl on line 5
2015-05-14 16:49:12 - PHP Notice:  Undefined variable: class in /var/www/vhosts/inkwellusa.com/subdomains/eccstore/catalog/view/theme/eccnew/template/common/home.tpl on line 5
2015-05-14 16:51:27 - Export/Import: Missing customer_groups in worksheet 'Specials'!
2015-05-14 16:51:27 - Export/Import: Missing customer_groups in worksheet 'Discounts'!
2015-05-14 16:51:27 - Export/Import: Missing product_ids in worksheet 'ProductAttributes'!
2015-05-14 16:52:42 - PHP Notice:  Undefined variable: class in /var/www/vhosts/inkwellusa.com/subdomains/eccstore/catalog/view/theme/eccnew/template/common/home.tpl on line 5
2015-05-14 16:52:54 - PHP Notice:  Undefined variable: class in /var/www/vhosts/inkwellusa.com/subdomains/eccstore/catalog/view/theme/eccnew/template/common/home.tpl on line 5
2015-05-14 16:57:18 - PHP Notice:  Undefined variable: class in /var/www/vhosts/inkwellusa.com/subdomains/eccstore/catalog/view/theme/eccnew/template/common/home.tpl on line 5
2015-05-14 19:50:33 - PHP Notice:  Undefined variable: class in /Applications/MAMP/htdocs/eccstore/catalog/view/theme/eccnew/template/common/home.tpl on line 5
2015-05-14 21:35:49 - PHP Notice:  Undefined variable: class in /Applications/MAMP/htdocs/eccstore/catalog/view/theme/eccnew/template/common/home.tpl on line 5
2015-05-14 21:44:54 - PHP Notice:  Undefined variable: class in /Applications/MAMP/htdocs/eccstore/catalog/view/theme/eccnew/template/common/home.tpl on line 5
2015-05-14 21:47:26 - PHP Notice:  Undefined variable: class in /Applications/MAMP/htdocs/eccstore/catalog/view/theme/eccnew/template/common/home.tpl on line 5
2015-05-14 21:51:06 - PHP Notice:  Undefined variable: class in /Applications/MAMP/htdocs/eccstore/catalog/view/theme/eccnew/template/common/home.tpl on line 5
2015-05-14 21:51:17 - PHP Notice:  Undefined variable: class in /Applications/MAMP/htdocs/eccstore/catalog/view/theme/eccnew/template/common/home.tpl on line 5
2015-05-14 21:51:26 - PHP Notice:  Undefined variable: class in /Applications/MAMP/htdocs/eccstore/catalog/view/theme/eccnew/template/common/home.tpl on line 5
2015-05-14 21:51:28 - PHP Notice:  Undefined variable: class in /Applications/MAMP/htdocs/eccstore/catalog/view/theme/eccnew/template/common/home.tpl on line 5
2015-05-14 21:51:29 - PHP Notice:  Undefined variable: class in /Applications/MAMP/htdocs/eccstore/catalog/view/theme/eccnew/template/common/home.tpl on line 5
2015-05-14 21:51:32 - PHP Notice:  Undefined variable: class in /Applications/MAMP/htdocs/eccstore/catalog/view/theme/eccnew/template/common/home.tpl on line 5
