2015-03-10 17:21:51 - MOD: Modification Default
FILE: system/engine/action.php
REGEX: ~(require|include)(_once)?\(([^)]+)~
LINE: 58
FILE: system/engine/loader.php
REGEX: ~(require|include)(_once)?\(([^)]+)~
LINE: 20
LINE: 37
LINE: 54
LINE: 65
FILE: system/library/config.php
REGEX: ~(require|include)(_once)?\(([^)]+)~
LINE: 23
FILE: system/library/language.php
REGEX: ~(require|include)(_once)?\(([^)]+)~
LINE: 21
LINE: 27
----------------------------------------------------------------
MOD: Export/Import Tool for OpenCart 2.0.x
FILE: admin/controller/common/menu.php
CODE: $data['text_backup'] = $this->language->get('text_backup');
LINE: 11
CODE: $data['backup'] = $this->url->link('tool/backup', 'token=' . $this->session->data['token'], 'SSL');
LINE: 114
----------------------------------------------------------------
FILE: admin/language/english/common/menu.php
CODE: $_['text_backup']                      = 'Backup / Restore';
LINE: 8
----------------------------------------------------------------
FILE: admin/view/template/common/menu.tpl
CODE: <li><a href="<?php echo $backup; ?>"><?php echo $text_backup; ?></a></li>
LINE: 152
----------------------------------------------------------------
2015-03-10 17:23:02 - MOD: Modification Default
FILE: system/engine/action.php
REGEX: ~(require|include)(_once)?\(([^)]+)~
LINE: 58
FILE: system/engine/loader.php
REGEX: ~(require|include)(_once)?\(([^)]+)~
LINE: 20
LINE: 37
LINE: 54
LINE: 65
FILE: system/library/config.php
REGEX: ~(require|include)(_once)?\(([^)]+)~
LINE: 23
FILE: system/library/language.php
REGEX: ~(require|include)(_once)?\(([^)]+)~
LINE: 21
LINE: 27
----------------------------------------------------------------
MOD: Export/Import Tool for OpenCart 2.0.x
FILE: admin/controller/common/menu.php
CODE: $data['text_backup'] = $this->language->get('text_backup');
LINE: 11
CODE: $data['backup'] = $this->url->link('tool/backup', 'token=' . $this->session->data['token'], 'SSL');
LINE: 114
----------------------------------------------------------------
FILE: admin/language/english/common/menu.php
CODE: $_['text_backup']                      = 'Backup / Restore';
LINE: 8
----------------------------------------------------------------
FILE: admin/view/template/common/menu.tpl
CODE: <li><a href="<?php echo $backup; ?>"><?php echo $text_backup; ?></a></li>
LINE: 152
----------------------------------------------------------------
